<?xml version="1.0" encoding="UTF-8"?>
<testng-results ignored="0" total="1" passed="1" failed="0" skipped="0">
  <reporter-output>
  </reporter-output>
  <suite started-at="2024-08-09T12:29:33 IST" name="Default suite" finished-at="2024-08-09T12:29:46 IST" duration-ms="12828">
    <groups>
    </groups>
    <test started-at="2024-08-09T12:29:33 IST" name="Default test" finished-at="2024-08-09T12:29:46 IST" duration-ms="12828">
      <class name="extentreport.ToAddScreenshotIntoReport">
        <test-method signature="addscreenshot()[pri:0, instance:extentreport.ToAddScreenshotIntoReport@5ab956d7]" started-at="2024-08-09T12:29:33 IST" name="addscreenshot" finished-at="2024-08-09T12:29:46 IST" duration-ms="12773" status="PASS">
          <reporter-output>
          </reporter-output>
        </test-method> <!-- addscreenshot -->
      </class> <!-- extentreport.ToAddScreenshotIntoReport -->
    </test> <!-- Default test -->
  </suite> <!-- Default suite -->
</testng-results>
